# JRE version: OpenJDK Runtime Environment (11.0.2+9) (build 11.0.2+9)
# Java VM: OpenJDK 64-Bit Server VM (11.0.2+9, mixed mode, tiered, compressed oops, g1 gc, bsd-amd64)
Heap:
 garbage-first heap   total 131072K, used 45728K [0x00000007f4000000, 0x0000000800000000)
  region size 1024K, 14 young (14336K), 9 survivors (9216K)
 Metaspace       used 34288K, capacity 35376K, committed 35580K, reserved 1081344K
  class space    used 3847K, capacity 4310K, committed 4348K, reserved 1048576K
GC Heap History (10 events):
Event: 0.866 GC heap before
{Heap before GC invocations=0 (full 0):
 garbage-first heap   total 131072K, used 23552K [0x00000007f4000000, 0x0000000800000000)
  region size 1024K, 24 young (24576K), 0 survivors (0K)
 Metaspace       used 10206K, capacity 10356K, committed 10752K, reserved 1058816K
  class space    used 877K, capacity 937K, committed 1024K, reserved 1048576K
}
Event: 0.873 GC heap after
{Heap after GC invocations=1 (full 0):
 garbage-first heap   total 131072K, used 4343K [0x00000007f4000000, 0x0000000800000000)
  region size 1024K, 3 young (3072K), 3 survivors (3072K)
 Metaspace       used 10206K, capacity 10356K, committed 10752K, reserved 1058816K
  class space    used 877K, capacity 937K, committed 1024K, reserved 1048576K
}
Event: 3.916 GC heap before
{Heap before GC invocations=1 (full 0):
 garbage-first heap   total 131072K, used 48375K [0x00000007f4000000, 0x0000000800000000)
  region size 1024K, 47 young (48128K), 3 survivors (3072K)
 Metaspace       used 20446K, capacity 21146K, committed 21248K, reserved 1069056K
  class space    used 2209K, capacity 2545K, committed 2560K, reserved 1048576K
}
Event: 3.926 GC heap after
{Heap after GC invocations=2 (full 0):
 garbage-first heap   total 131072K, used 9157K [0x00000007f4000000, 0x0000000800000000)
  region size 1024K, 8 young (8192K), 8 survivors (8192K)
 Metaspace       used 20446K, capacity 21146K, committed 21248K, reserved 1069056K
  class space    used 2209K, capacity 2545K, committed 2560K, reserved 1048576K
}
Event: 4.548 GC heap before
{Heap before GC invocations=3 (full 0):
 garbage-first heap   total 131072K, used 50117K [0x00000007f4000000, 0x0000000800000000)
  region size 1024K, 49 young (50176K), 8 survivors (8192K)
 Metaspace       used 25471K, capacity 26322K, committed 26620K, reserved 1073152K
  class space    used 2813K, capacity 3195K, committed 3324K, reserved 1048576K
}
Event: 4.555 GC heap after
{Heap after GC invocations=4 (full 0):
 garbage-first heap   total 131072K, used 13108K [0x00000007f4000000, 0x0000000800000000)
  region size 1024K, 4 young (4096K), 4 survivors (4096K)
 Metaspace       used 25471K, capacity 26322K, committed 26620K, reserved 1073152K
  class space    used 2813K, capacity 3195K, committed 3324K, reserved 1048576K
}
Event: 1584.892 GC heap before
{Heap before GC invocations=4 (full 0):
 garbage-first heap   total 131072K, used 68404K [0x00000007f4000000, 0x0000000800000000)
  region size 1024K, 59 young (60416K), 4 survivors (4096K)
 Metaspace       used 33420K, capacity 34445K, committed 34812K, reserved 1079296K
  class space    used 3763K, capacity 4236K, committed 4348K, reserved 1048576K
}
Event: 1584.964 GC heap after
{Heap after GC invocations=5 (full 0):
 garbage-first heap   total 131072K, used 18432K [0x00000007f4000000, 0x0000000800000000)
  region size 1024K, 8 young (8192K), 8 survivors (8192K)
 Metaspace       used 33420K, capacity 34445K, committed 34812K, reserved 1079296K
  class space    used 3763K, capacity 4236K, committed 4348K, reserved 1048576K
}
Event: 11985.464 GC heap before
{Heap before GC invocations=5 (full 0):
 garbage-first heap   total 131072K, used 97280K [0x00000007f4000000, 0x0000000800000000)
  region size 1024K, 68 young (69632K), 8 survivors (8192K)
 Metaspace       used 34283K, capacity 35376K, committed 35580K, reserved 1081344K
  class space    used 3846K, capacity 4310K, committed 4348K, reserved 1048576K
}
Event: 11985.643 GC heap after
{Heap after GC invocations=6 (full 0):
 garbage-first heap   total 131072K, used 41632K [0x00000007f4000000, 0x0000000800000000)
  region size 1024K, 9 young (9216K), 9 survivors (9216K)
 Metaspace       used 34283K, capacity 35376K, committed 35580K, reserved 1081344K
  class space    used 3846K, capacity 4310K, committed 4348K, reserved 1048576K
}

