<?xml version="1.0" encoding="UTF-8" ?>
<testsuite errors="0" failures="0" hostname="DESKTOP-163MI7K" name="org.gjt.sp.jedit.syntax.SyntaxUtilitiesTest" skipped="0" tests="3" time="0.004" timestamp="2021-12-17T04:18:51">
  <properties>
[...]
</properties>
  <testcase classname="org.gjt.sp.jedit.syntax.SyntaxUtilitiesTest" name="regionMatches" time="0.0" />
  <testcase classname="org.gjt.sp.jedit.syntax.SyntaxUtilitiesTest" name="regionMatchesIgnoreCase" time="0.0" />
  <testcase classname="org.gjt.sp.jedit.syntax.SyntaxUtilitiesTest" name="regionMatchesFail" time="0.0" />
  <system-out><![CDATA[]]></system-out>
  <system-err><![CDATA[]]></system-err>
</testsuite>
